cycle 0
$00: 0x00000000
$01: 0x00000000
$02: 0x00000000
$03: 0x00000000
$04: 0x00000000
$05: 0x00000000
$06: 0x00000000
$07: 0x00000000
$08: 0x00000000
$09: 0x00000000
$10: 0x00000000
$11: 0x00000000
$12: 0x00000000
$13: 0x00000000
$14: 0x00000000
$15: 0x00000000
$16: 0x00000000
$17: 0x00000000
$18: 0x00000000
$19: 0x00000000
$20: 0x00000000
$21: 0x00000000
$22: 0x00000000
$23: 0x00000000
$24: 0x00000000
$25: 0x00000000
$26: 0x00000000
$27: 0x00000000
$28: 0x00000000
$29: 0x00000000
$30: 0x00000000
$31: 0x00000000
PC: 0x00000000


instruction = 20040004
addi rs = 0, rt = 4, C = 4
cycle 1
$00: 0x00000000
$01: 0x00000000
$02: 0x00000000
$03: 0x00000000
$04: 0x00000004
$05: 0x00000000
$06: 0x00000000
$07: 0x00000000
$08: 0x00000000
$09: 0x00000000
$10: 0x00000000
$11: 0x00000000
$12: 0x00000000
$13: 0x00000000
$14: 0x00000000
$15: 0x00000000
$16: 0x00000000
$17: 0x00000000
$18: 0x00000000
$19: 0x00000000
$20: 0x00000000
$21: 0x00000000
$22: 0x00000000
$23: 0x00000000
$24: 0x00000000
$25: 0x00000000
$26: 0x00000000
$27: 0x00000000
$28: 0x00000000
$29: 0x00000000
$30: 0x00000000
$31: 0x00000000
PC: 0x00000004


instruction = 2008000c
addi rs = 0, rt = 8, C = c
cycle 2
$00: 0x00000000
$01: 0x00000000
$02: 0x00000000
$03: 0x00000000
$04: 0x00000004
$05: 0x00000000
$06: 0x00000000
$07: 0x00000000
$08: 0x0000000C
$09: 0x00000000
$10: 0x00000000
$11: 0x00000000
$12: 0x00000000
$13: 0x00000000
$14: 0x00000000
$15: 0x00000000
$16: 0x00000000
$17: 0x00000000
$18: 0x00000000
$19: 0x00000000
$20: 0x00000000
$21: 0x00000000
$22: 0x00000000
$23: 0x00000000
$24: 0x00000000
$25: 0x00000000
$26: 0x00000000
$27: 0x00000000
$28: 0x00000000
$29: 0x00000000
$30: 0x00000000
$31: 0x00000000
PC: 0x00000008


instruction = 11010004
beq rs = 8, rt = 1, C = 4
cycle 3
$00: 0x00000000
$01: 0x00000000
$02: 0x00000000
$03: 0x00000000
$04: 0x00000004
$05: 0x00000000
$06: 0x00000000
$07: 0x00000000
$08: 0x0000000C
$09: 0x00000000
$10: 0x00000000
$11: 0x00000000
$12: 0x00000000
$13: 0x00000000
$14: 0x00000000
$15: 0x00000000
$16: 0x00000000
$17: 0x00000000
$18: 0x00000000
$19: 0x00000000
$20: 0x00000000
$21: 0x00000000
$22: 0x00000000
$23: 0x00000000
$24: 0x00000000
$25: 0x00000000
$26: 0x00000000
$27: 0x00000000
$28: 0x00000000
$29: 0x00000000
$30: 0x00000000
$31: 0x00000000
PC: 0x0000000C


instruction = 8c220000
lw rs = 1, rt = 2, C = 0
cycle 4
$00: 0x00000000
$01: 0x00000000
$02: 0xFFFFFFFF
$03: 0x00000000
$04: 0x00000004
$05: 0x00000000
$06: 0x00000000
$07: 0x00000000
$08: 0x0000000C
$09: 0x00000000
$10: 0x00000000
$11: 0x00000000
$12: 0x00000000
$13: 0x00000000
$14: 0x00000000
$15: 0x00000000
$16: 0x00000000
$17: 0x00000000
$18: 0x00000000
$19: 0x00000000
$20: 0x00000000
$21: 0x00000000
$22: 0x00000000
$23: 0x00000000
$24: 0x00000000
$25: 0x00000000
$26: 0x00000000
$27: 0x00000000
$28: 0x00000000
$29: 0x00000000
$30: 0x00000000
$31: 0x00000000
PC: 0x00000010


instruction = ac22000c
sw rs = 1, rt = 2, C = c
cycle 5
$00: 0x00000000
$01: 0x00000000
$02: 0xFFFFFFFF
$03: 0x00000000
$04: 0x00000004
$05: 0x00000000
$06: 0x00000000
$07: 0x00000000
$08: 0x0000000C
$09: 0x00000000
$10: 0x00000000
$11: 0x00000000
$12: 0x00000000
$13: 0x00000000
$14: 0x00000000
$15: 0x00000000
$16: 0x00000000
$17: 0x00000000
$18: 0x00000000
$19: 0x00000000
$20: 0x00000000
$21: 0x00000000
$22: 0x00000000
$23: 0x00000000
$24: 0x00000000
$25: 0x00000000
$26: 0x00000000
$27: 0x00000000
$28: 0x00000000
$29: 0x00000000
$30: 0x00000000
$31: 0x00000000
PC: 0x00000014


instruction = 240820
add rs = 1, rt = 4, rd = 1, shamt = 0, funct = 20
cycle 6
$00: 0x00000000
$01: 0x00000004
$02: 0xFFFFFFFF
$03: 0x00000000
$04: 0x00000004
$05: 0x00000000
$06: 0x00000000
$07: 0x00000000
$08: 0x0000000C
$09: 0x00000000
$10: 0x00000000
$11: 0x00000000
$12: 0x00000000
$13: 0x00000000
$14: 0x00000000
$15: 0x00000000
$16: 0x00000000
$17: 0x00000000
$18: 0x00000000
$19: 0x00000000
$20: 0x00000000
$21: 0x00000000
$22: 0x00000000
$23: 0x00000000
$24: 0x00000000
$25: 0x00000000
$26: 0x00000000
$27: 0x00000000
$28: 0x00000000
$29: 0x00000000
$30: 0x00000000
$31: 0x00000000
PC: 0x00000018


instruction = 8000002
j address = 2
cycle 7
$00: 0x00000000
$01: 0x00000004
$02: 0xFFFFFFFF
$03: 0x00000000
$04: 0x00000004
$05: 0x00000000
$06: 0x00000000
$07: 0x00000000
$08: 0x0000000C
$09: 0x00000000
$10: 0x00000000
$11: 0x00000000
$12: 0x00000000
$13: 0x00000000
$14: 0x00000000
$15: 0x00000000
$16: 0x00000000
$17: 0x00000000
$18: 0x00000000
$19: 0x00000000
$20: 0x00000000
$21: 0x00000000
$22: 0x00000000
$23: 0x00000000
$24: 0x00000000
$25: 0x00000000
$26: 0x00000000
$27: 0x00000000
$28: 0x00000000
$29: 0x00000000
$30: 0x00000000
$31: 0x00000000
PC: 0x00000008


instruction = 11010004
beq rs = 8, rt = 1, C = 4
cycle 8
$00: 0x00000000
$01: 0x00000004
$02: 0xFFFFFFFF
$03: 0x00000000
$04: 0x00000004
$05: 0x00000000
$06: 0x00000000
$07: 0x00000000
$08: 0x0000000C
$09: 0x00000000
$10: 0x00000000
$11: 0x00000000
$12: 0x00000000
$13: 0x00000000
$14: 0x00000000
$15: 0x00000000
$16: 0x00000000
$17: 0x00000000
$18: 0x00000000
$19: 0x00000000
$20: 0x00000000
$21: 0x00000000
$22: 0x00000000
$23: 0x00000000
$24: 0x00000000
$25: 0x00000000
$26: 0x00000000
$27: 0x00000000
$28: 0x00000000
$29: 0x00000000
$30: 0x00000000
$31: 0x00000000
PC: 0x0000000C


instruction = 8c220000
lw rs = 1, rt = 2, C = 0
cycle 9
$00: 0x00000000
$01: 0x00000004
$02: 0x00000001
$03: 0x00000000
$04: 0x00000004
$05: 0x00000000
$06: 0x00000000
$07: 0x00000000
$08: 0x0000000C
$09: 0x00000000
$10: 0x00000000
$11: 0x00000000
$12: 0x00000000
$13: 0x00000000
$14: 0x00000000
$15: 0x00000000
$16: 0x00000000
$17: 0x00000000
$18: 0x00000000
$19: 0x00000000
$20: 0x00000000
$21: 0x00000000
$22: 0x00000000
$23: 0x00000000
$24: 0x00000000
$25: 0x00000000
$26: 0x00000000
$27: 0x00000000
$28: 0x00000000
$29: 0x00000000
$30: 0x00000000
$31: 0x00000000
PC: 0x00000010


instruction = ac22000c
sw rs = 1, rt = 2, C = c
cycle 10
$00: 0x00000000
$01: 0x00000004
$02: 0x00000001
$03: 0x00000000
$04: 0x00000004
$05: 0x00000000
$06: 0x00000000
$07: 0x00000000
$08: 0x0000000C
$09: 0x00000000
$10: 0x00000000
$11: 0x00000000
$12: 0x00000000
$13: 0x00000000
$14: 0x00000000
$15: 0x00000000
$16: 0x00000000
$17: 0x00000000
$18: 0x00000000
$19: 0x00000000
$20: 0x00000000
$21: 0x00000000
$22: 0x00000000
$23: 0x00000000
$24: 0x00000000
$25: 0x00000000
$26: 0x00000000
$27: 0x00000000
$28: 0x00000000
$29: 0x00000000
$30: 0x00000000
$31: 0x00000000
PC: 0x00000014


instruction = 240820
add rs = 1, rt = 4, rd = 1, shamt = 0, funct = 20
cycle 11
$00: 0x00000000
$01: 0x00000008
$02: 0x00000001
$03: 0x00000000
$04: 0x00000004
$05: 0x00000000
$06: 0x00000000
$07: 0x00000000
$08: 0x0000000C
$09: 0x00000000
$10: 0x00000000
$11: 0x00000000
$12: 0x00000000
$13: 0x00000000
$14: 0x00000000
$15: 0x00000000
$16: 0x00000000
$17: 0x00000000
$18: 0x00000000
$19: 0x00000000
$20: 0x00000000
$21: 0x00000000
$22: 0x00000000
$23: 0x00000000
$24: 0x00000000
$25: 0x00000000
$26: 0x00000000
$27: 0x00000000
$28: 0x00000000
$29: 0x00000000
$30: 0x00000000
$31: 0x00000000
PC: 0x00000018


instruction = 8000002
j address = 2
cycle 12
$00: 0x00000000
$01: 0x00000008
$02: 0x00000001
$03: 0x00000000
$04: 0x00000004
$05: 0x00000000
$06: 0x00000000
$07: 0x00000000
$08: 0x0000000C
$09: 0x00000000
$10: 0x00000000
$11: 0x00000000
$12: 0x00000000
$13: 0x00000000
$14: 0x00000000
$15: 0x00000000
$16: 0x00000000
$17: 0x00000000
$18: 0x00000000
$19: 0x00000000
$20: 0x00000000
$21: 0x00000000
$22: 0x00000000
$23: 0x00000000
$24: 0x00000000
$25: 0x00000000
$26: 0x00000000
$27: 0x00000000
$28: 0x00000000
$29: 0x00000000
$30: 0x00000000
$31: 0x00000000
PC: 0x00000008


instruction = 11010004
beq rs = 8, rt = 1, C = 4
cycle 13
$00: 0x00000000
$01: 0x00000008
$02: 0x00000001
$03: 0x00000000
$04: 0x00000004
$05: 0x00000000
$06: 0x00000000
$07: 0x00000000
$08: 0x0000000C
$09: 0x00000000
$10: 0x00000000
$11: 0x00000000
$12: 0x00000000
$13: 0x00000000
$14: 0x00000000
$15: 0x00000000
$16: 0x00000000
$17: 0x00000000
$18: 0x00000000
$19: 0x00000000
$20: 0x00000000
$21: 0x00000000
$22: 0x00000000
$23: 0x00000000
$24: 0x00000000
$25: 0x00000000
$26: 0x00000000
$27: 0x00000000
$28: 0x00000000
$29: 0x00000000
$30: 0x00000000
$31: 0x00000000
PC: 0x0000000C


instruction = 8c220000
lw rs = 1, rt = 2, C = 0
cycle 14
$00: 0x00000000
$01: 0x00000008
$02: 0x80000000
$03: 0x00000000
$04: 0x00000004
$05: 0x00000000
$06: 0x00000000
$07: 0x00000000
$08: 0x0000000C
$09: 0x00000000
$10: 0x00000000
$11: 0x00000000
$12: 0x00000000
$13: 0x00000000
$14: 0x00000000
$15: 0x00000000
$16: 0x00000000
$17: 0x00000000
$18: 0x00000000
$19: 0x00000000
$20: 0x00000000
$21: 0x00000000
$22: 0x00000000
$23: 0x00000000
$24: 0x00000000
$25: 0x00000000
$26: 0x00000000
$27: 0x00000000
$28: 0x00000000
$29: 0x00000000
$30: 0x00000000
$31: 0x00000000
PC: 0x00000010


instruction = ac22000c
sw rs = 1, rt = 2, C = c
cycle 15
$00: 0x00000000
$01: 0x00000008
$02: 0x80000000
$03: 0x00000000
$04: 0x00000004
$05: 0x00000000
$06: 0x00000000
$07: 0x00000000
$08: 0x0000000C
$09: 0x00000000
$10: 0x00000000
$11: 0x00000000
$12: 0x00000000
$13: 0x00000000
$14: 0x00000000
$15: 0x00000000
$16: 0x00000000
$17: 0x00000000
$18: 0x00000000
$19: 0x00000000
$20: 0x00000000
$21: 0x00000000
$22: 0x00000000
$23: 0x00000000
$24: 0x00000000
$25: 0x00000000
$26: 0x00000000
$27: 0x00000000
$28: 0x00000000
$29: 0x00000000
$30: 0x00000000
$31: 0x00000000
PC: 0x00000014


instruction = 240820
add rs = 1, rt = 4, rd = 1, shamt = 0, funct = 20
cycle 16
$00: 0x00000000
$01: 0x0000000C
$02: 0x80000000
$03: 0x00000000
$04: 0x00000004
$05: 0x00000000
$06: 0x00000000
$07: 0x00000000
$08: 0x0000000C
$09: 0x00000000
$10: 0x00000000
$11: 0x00000000
$12: 0x00000000
$13: 0x00000000
$14: 0x00000000
$15: 0x00000000
$16: 0x00000000
$17: 0x00000000
$18: 0x00000000
$19: 0x00000000
$20: 0x00000000
$21: 0x00000000
$22: 0x00000000
$23: 0x00000000
$24: 0x00000000
$25: 0x00000000
$26: 0x00000000
$27: 0x00000000
$28: 0x00000000
$29: 0x00000000
$30: 0x00000000
$31: 0x00000000
PC: 0x00000018


instruction = 8000002
j address = 2
cycle 17
$00: 0x00000000
$01: 0x0000000C
$02: 0x80000000
$03: 0x00000000
$04: 0x00000004
$05: 0x00000000
$06: 0x00000000
$07: 0x00000000
$08: 0x0000000C
$09: 0x00000000
$10: 0x00000000
$11: 0x00000000
$12: 0x00000000
$13: 0x00000000
$14: 0x00000000
$15: 0x00000000
$16: 0x00000000
$17: 0x00000000
$18: 0x00000000
$19: 0x00000000
$20: 0x00000000
$21: 0x00000000
$22: 0x00000000
$23: 0x00000000
$24: 0x00000000
$25: 0x00000000
$26: 0x00000000
$27: 0x00000000
$28: 0x00000000
$29: 0x00000000
$30: 0x00000000
$31: 0x00000000
PC: 0x00000008


instruction = 11010004
beq rs = 8, rt = 1, C = 4
cycle 18
$00: 0x00000000
$01: 0x0000000C
$02: 0x80000000
$03: 0x00000000
$04: 0x00000004
$05: 0x00000000
$06: 0x00000000
$07: 0x00000000
$08: 0x0000000C
$09: 0x00000000
$10: 0x00000000
$11: 0x00000000
$12: 0x00000000
$13: 0x00000000
$14: 0x00000000
$15: 0x00000000
$16: 0x00000000
$17: 0x00000000
$18: 0x00000000
$19: 0x00000000
$20: 0x00000000
$21: 0x00000000
$22: 0x00000000
$23: 0x00000000
$24: 0x00000000
$25: 0x00000000
$26: 0x00000000
$27: 0x00000000
$28: 0x00000000
$29: 0x00000000
$30: 0x00000000
$31: 0x00000000
PC: 0x0000001C


instruction = 1084020
add rs = 8, rt = 8, rd = 8, shamt = 0, funct = 20
cycle 19
$00: 0x00000000
$01: 0x0000000C
$02: 0x80000000
$03: 0x00000000
$04: 0x00000004
$05: 0x00000000
$06: 0x00000000
$07: 0x00000000
$08: 0x00000018
$09: 0x00000000
$10: 0x00000000
$11: 0x00000000
$12: 0x00000000
$13: 0x00000000
$14: 0x00000000
$15: 0x00000000
$16: 0x00000000
$17: 0x00000000
$18: 0x00000000
$19: 0x00000000
$20: 0x00000000
$21: 0x00000000
$22: 0x00000000
$23: 0x00000000
$24: 0x00000000
$25: 0x00000000
$26: 0x00000000
$27: 0x00000000
$28: 0x00000000
$29: 0x00000000
$30: 0x00000000
$31: 0x00000000
PC: 0x00000020


instruction = 820
add rs = 0, rt = 0, rd = 1, shamt = 0, funct = 20
cycle 20
$00: 0x00000000
$01: 0x00000000
$02: 0x80000000
$03: 0x00000000
$04: 0x00000004
$05: 0x00000000
$06: 0x00000000
$07: 0x00000000
$08: 0x00000018
$09: 0x00000000
$10: 0x00000000
$11: 0x00000000
$12: 0x00000000
$13: 0x00000000
$14: 0x00000000
$15: 0x00000000
$16: 0x00000000
$17: 0x00000000
$18: 0x00000000
$19: 0x00000000
$20: 0x00000000
$21: 0x00000000
$22: 0x00000000
$23: 0x00000000
$24: 0x00000000
$25: 0x00000000
$26: 0x00000000
$27: 0x00000000
$28: 0x00000000
$29: 0x00000000
$30: 0x00000000
$31: 0x00000000
PC: 0x00000024


instruction = 11010004
beq rs = 8, rt = 1, C = 4
cycle 21
$00: 0x00000000
$01: 0x00000000
$02: 0x80000000
$03: 0x00000000
$04: 0x00000004
$05: 0x00000000
$06: 0x00000000
$07: 0x00000000
$08: 0x00000018
$09: 0x00000000
$10: 0x00000000
$11: 0x00000000
$12: 0x00000000
$13: 0x00000000
$14: 0x00000000
$15: 0x00000000
$16: 0x00000000
$17: 0x00000000
$18: 0x00000000
$19: 0x00000000
$20: 0x00000000
$21: 0x00000000
$22: 0x00000000
$23: 0x00000000
$24: 0x00000000
$25: 0x00000000
$26: 0x00000000
$27: 0x00000000
$28: 0x00000000
$29: 0x00000000
$30: 0x00000000
$31: 0x00000000
PC: 0x00000028


instruction = 8c230000
lw rs = 1, rt = 3, C = 0
cycle 22
$00: 0x00000000
$01: 0x00000000
$02: 0x80000000
$03: 0xFFFFFFFF
$04: 0x00000004
$05: 0x00000000
$06: 0x00000000
$07: 0x00000000
$08: 0x00000018
$09: 0x00000000
$10: 0x00000000
$11: 0x00000000
$12: 0x00000000
$13: 0x00000000
$14: 0x00000000
$15: 0x00000000
$16: 0x00000000
$17: 0x00000000
$18: 0x00000000
$19: 0x00000000
$20: 0x00000000
$21: 0x00000000
$22: 0x00000000
$23: 0x00000000
$24: 0x00000000
$25: 0x00000000
$26: 0x00000000
$27: 0x00000000
$28: 0x00000000
$29: 0x00000000
$30: 0x00000000
$31: 0x00000000
PC: 0x0000002C


instruction = 240820
add rs = 1, rt = 4, rd = 1, shamt = 0, funct = 20
cycle 23
$00: 0x00000000
$01: 0x00000004
$02: 0x80000000
$03: 0xFFFFFFFF
$04: 0x00000004
$05: 0x00000000
$06: 0x00000000
$07: 0x00000000
$08: 0x00000018
$09: 0x00000000
$10: 0x00000000
$11: 0x00000000
$12: 0x00000000
$13: 0x00000000
$14: 0x00000000
$15: 0x00000000
$16: 0x00000000
$17: 0x00000000
$18: 0x00000000
$19: 0x00000000
$20: 0x00000000
$21: 0x00000000
$22: 0x00000000
$23: 0x00000000
$24: 0x00000000
$25: 0x00000000
$26: 0x00000000
$27: 0x00000000
$28: 0x00000000
$29: 0x00000000
$30: 0x00000000
$31: 0x00000000
PC: 0x00000030


instruction = 8000009
j address = 9
cycle 24
$00: 0x00000000
$01: 0x00000004
$02: 0x80000000
$03: 0xFFFFFFFF
$04: 0x00000004
$05: 0x00000000
$06: 0x00000000
$07: 0x00000000
$08: 0x00000018
$09: 0x00000000
$10: 0x00000000
$11: 0x00000000
$12: 0x00000000
$13: 0x00000000
$14: 0x00000000
$15: 0x00000000
$16: 0x00000000
$17: 0x00000000
$18: 0x00000000
$19: 0x00000000
$20: 0x00000000
$21: 0x00000000
$22: 0x00000000
$23: 0x00000000
$24: 0x00000000
$25: 0x00000000
$26: 0x00000000
$27: 0x00000000
$28: 0x00000000
$29: 0x00000000
$30: 0x00000000
$31: 0x00000000
PC: 0x00000024


instruction = 11010004
beq rs = 8, rt = 1, C = 4
cycle 25
$00: 0x00000000
$01: 0x00000004
$02: 0x80000000
$03: 0xFFFFFFFF
$04: 0x00000004
$05: 0x00000000
$06: 0x00000000
$07: 0x00000000
$08: 0x00000018
$09: 0x00000000
$10: 0x00000000
$11: 0x00000000
$12: 0x00000000
$13: 0x00000000
$14: 0x00000000
$15: 0x00000000
$16: 0x00000000
$17: 0x00000000
$18: 0x00000000
$19: 0x00000000
$20: 0x00000000
$21: 0x00000000
$22: 0x00000000
$23: 0x00000000
$24: 0x00000000
$25: 0x00000000
$26: 0x00000000
$27: 0x00000000
$28: 0x00000000
$29: 0x00000000
$30: 0x00000000
$31: 0x00000000
PC: 0x00000028


instruction = 8c230000
lw rs = 1, rt = 3, C = 0
cycle 26
$00: 0x00000000
$01: 0x00000004
$02: 0x80000000
$03: 0x00000001
$04: 0x00000004
$05: 0x00000000
$06: 0x00000000
$07: 0x00000000
$08: 0x00000018
$09: 0x00000000
$10: 0x00000000
$11: 0x00000000
$12: 0x00000000
$13: 0x00000000
$14: 0x00000000
$15: 0x00000000
$16: 0x00000000
$17: 0x00000000
$18: 0x00000000
$19: 0x00000000
$20: 0x00000000
$21: 0x00000000
$22: 0x00000000
$23: 0x00000000
$24: 0x00000000
$25: 0x00000000
$26: 0x00000000
$27: 0x00000000
$28: 0x00000000
$29: 0x00000000
$30: 0x00000000
$31: 0x00000000
PC: 0x0000002C


instruction = 240820
add rs = 1, rt = 4, rd = 1, shamt = 0, funct = 20
cycle 27
$00: 0x00000000
$01: 0x00000008
$02: 0x80000000
$03: 0x00000001
$04: 0x00000004
$05: 0x00000000
$06: 0x00000000
$07: 0x00000000
$08: 0x00000018
$09: 0x00000000
$10: 0x00000000
$11: 0x00000000
$12: 0x00000000
$13: 0x00000000
$14: 0x00000000
$15: 0x00000000
$16: 0x00000000
$17: 0x00000000
$18: 0x00000000
$19: 0x00000000
$20: 0x00000000
$21: 0x00000000
$22: 0x00000000
$23: 0x00000000
$24: 0x00000000
$25: 0x00000000
$26: 0x00000000
$27: 0x00000000
$28: 0x00000000
$29: 0x00000000
$30: 0x00000000
$31: 0x00000000
PC: 0x00000030


instruction = 8000009
j address = 9
cycle 28
$00: 0x00000000
$01: 0x00000008
$02: 0x80000000
$03: 0x00000001
$04: 0x00000004
$05: 0x00000000
$06: 0x00000000
$07: 0x00000000
$08: 0x00000018
$09: 0x00000000
$10: 0x00000000
$11: 0x00000000
$12: 0x00000000
$13: 0x00000000
$14: 0x00000000
$15: 0x00000000
$16: 0x00000000
$17: 0x00000000
$18: 0x00000000
$19: 0x00000000
$20: 0x00000000
$21: 0x00000000
$22: 0x00000000
$23: 0x00000000
$24: 0x00000000
$25: 0x00000000
$26: 0x00000000
$27: 0x00000000
$28: 0x00000000
$29: 0x00000000
$30: 0x00000000
$31: 0x00000000
PC: 0x00000024


instruction = 11010004
beq rs = 8, rt = 1, C = 4
cycle 29
$00: 0x00000000
$01: 0x00000008
$02: 0x80000000
$03: 0x00000001
$04: 0x00000004
$05: 0x00000000
$06: 0x00000000
$07: 0x00000000
$08: 0x00000018
$09: 0x00000000
$10: 0x00000000
$11: 0x00000000
$12: 0x00000000
$13: 0x00000000
$14: 0x00000000
$15: 0x00000000
$16: 0x00000000
$17: 0x00000000
$18: 0x00000000
$19: 0x00000000
$20: 0x00000000
$21: 0x00000000
$22: 0x00000000
$23: 0x00000000
$24: 0x00000000
$25: 0x00000000
$26: 0x00000000
$27: 0x00000000
$28: 0x00000000
$29: 0x00000000
$30: 0x00000000
$31: 0x00000000
PC: 0x00000028


instruction = 8c230000
lw rs = 1, rt = 3, C = 0
cycle 30
$00: 0x00000000
$01: 0x00000008
$02: 0x80000000
$03: 0x80000000
$04: 0x00000004
$05: 0x00000000
$06: 0x00000000
$07: 0x00000000
$08: 0x00000018
$09: 0x00000000
$10: 0x00000000
$11: 0x00000000
$12: 0x00000000
$13: 0x00000000
$14: 0x00000000
$15: 0x00000000
$16: 0x00000000
$17: 0x00000000
$18: 0x00000000
$19: 0x00000000
$20: 0x00000000
$21: 0x00000000
$22: 0x00000000
$23: 0x00000000
$24: 0x00000000
$25: 0x00000000
$26: 0x00000000
$27: 0x00000000
$28: 0x00000000
$29: 0x00000000
$30: 0x00000000
$31: 0x00000000
PC: 0x0000002C


instruction = 240820
add rs = 1, rt = 4, rd = 1, shamt = 0, funct = 20
cycle 31
$00: 0x00000000
$01: 0x0000000C
$02: 0x80000000
$03: 0x80000000
$04: 0x00000004
$05: 0x00000000
$06: 0x00000000
$07: 0x00000000
$08: 0x00000018
$09: 0x00000000
$10: 0x00000000
$11: 0x00000000
$12: 0x00000000
$13: 0x00000000
$14: 0x00000000
$15: 0x00000000
$16: 0x00000000
$17: 0x00000000
$18: 0x00000000
$19: 0x00000000
$20: 0x00000000
$21: 0x00000000
$22: 0x00000000
$23: 0x00000000
$24: 0x00000000
$25: 0x00000000
$26: 0x00000000
$27: 0x00000000
$28: 0x00000000
$29: 0x00000000
$30: 0x00000000
$31: 0x00000000
PC: 0x00000030


instruction = 8000009
j address = 9
cycle 32
$00: 0x00000000
$01: 0x0000000C
$02: 0x80000000
$03: 0x80000000
$04: 0x00000004
$05: 0x00000000
$06: 0x00000000
$07: 0x00000000
$08: 0x00000018
$09: 0x00000000
$10: 0x00000000
$11: 0x00000000
$12: 0x00000000
$13: 0x00000000
$14: 0x00000000
$15: 0x00000000
$16: 0x00000000
$17: 0x00000000
$18: 0x00000000
$19: 0x00000000
$20: 0x00000000
$21: 0x00000000
$22: 0x00000000
$23: 0x00000000
$24: 0x00000000
$25: 0x00000000
$26: 0x00000000
$27: 0x00000000
$28: 0x00000000
$29: 0x00000000
$30: 0x00000000
$31: 0x00000000
PC: 0x00000024


instruction = 11010004
beq rs = 8, rt = 1, C = 4
cycle 33
$00: 0x00000000
$01: 0x0000000C
$02: 0x80000000
$03: 0x80000000
$04: 0x00000004
$05: 0x00000000
$06: 0x00000000
$07: 0x00000000
$08: 0x00000018
$09: 0x00000000
$10: 0x00000000
$11: 0x00000000
$12: 0x00000000
$13: 0x00000000
$14: 0x00000000
$15: 0x00000000
$16: 0x00000000
$17: 0x00000000
$18: 0x00000000
$19: 0x00000000
$20: 0x00000000
$21: 0x00000000
$22: 0x00000000
$23: 0x00000000
$24: 0x00000000
$25: 0x00000000
$26: 0x00000000
$27: 0x00000000
$28: 0x00000000
$29: 0x00000000
$30: 0x00000000
$31: 0x00000000
PC: 0x00000028


instruction = 8c230000
lw rs = 1, rt = 3, C = 0
cycle 34
$00: 0x00000000
$01: 0x0000000C
$02: 0x80000000
$03: 0xFFFFFFFF
$04: 0x00000004
$05: 0x00000000
$06: 0x00000000
$07: 0x00000000
$08: 0x00000018
$09: 0x00000000
$10: 0x00000000
$11: 0x00000000
$12: 0x00000000
$13: 0x00000000
$14: 0x00000000
$15: 0x00000000
$16: 0x00000000
$17: 0x00000000
$18: 0x00000000
$19: 0x00000000
$20: 0x00000000
$21: 0x00000000
$22: 0x00000000
$23: 0x00000000
$24: 0x00000000
$25: 0x00000000
$26: 0x00000000
$27: 0x00000000
$28: 0x00000000
$29: 0x00000000
$30: 0x00000000
$31: 0x00000000
PC: 0x0000002C


instruction = 240820
add rs = 1, rt = 4, rd = 1, shamt = 0, funct = 20
cycle 35
$00: 0x00000000
$01: 0x00000010
$02: 0x80000000
$03: 0xFFFFFFFF
$04: 0x00000004
$05: 0x00000000
$06: 0x00000000
$07: 0x00000000
$08: 0x00000018
$09: 0x00000000
$10: 0x00000000
$11: 0x00000000
$12: 0x00000000
$13: 0x00000000
$14: 0x00000000
$15: 0x00000000
$16: 0x00000000
$17: 0x00000000
$18: 0x00000000
$19: 0x00000000
$20: 0x00000000
$21: 0x00000000
$22: 0x00000000
$23: 0x00000000
$24: 0x00000000
$25: 0x00000000
$26: 0x00000000
$27: 0x00000000
$28: 0x00000000
$29: 0x00000000
$30: 0x00000000
$31: 0x00000000
PC: 0x00000030


instruction = 8000009
j address = 9
cycle 36
$00: 0x00000000
$01: 0x00000010
$02: 0x80000000
$03: 0xFFFFFFFF
$04: 0x00000004
$05: 0x00000000
$06: 0x00000000
$07: 0x00000000
$08: 0x00000018
$09: 0x00000000
$10: 0x00000000
$11: 0x00000000
$12: 0x00000000
$13: 0x00000000
$14: 0x00000000
$15: 0x00000000
$16: 0x00000000
$17: 0x00000000
$18: 0x00000000
$19: 0x00000000
$20: 0x00000000
$21: 0x00000000
$22: 0x00000000
$23: 0x00000000
$24: 0x00000000
$25: 0x00000000
$26: 0x00000000
$27: 0x00000000
$28: 0x00000000
$29: 0x00000000
$30: 0x00000000
$31: 0x00000000
PC: 0x00000024


instruction = 11010004
beq rs = 8, rt = 1, C = 4
cycle 37
$00: 0x00000000
$01: 0x00000010
$02: 0x80000000
$03: 0xFFFFFFFF
$04: 0x00000004
$05: 0x00000000
$06: 0x00000000
$07: 0x00000000
$08: 0x00000018
$09: 0x00000000
$10: 0x00000000
$11: 0x00000000
$12: 0x00000000
$13: 0x00000000
$14: 0x00000000
$15: 0x00000000
$16: 0x00000000
$17: 0x00000000
$18: 0x00000000
$19: 0x00000000
$20: 0x00000000
$21: 0x00000000
$22: 0x00000000
$23: 0x00000000
$24: 0x00000000
$25: 0x00000000
$26: 0x00000000
$27: 0x00000000
$28: 0x00000000
$29: 0x00000000
$30: 0x00000000
$31: 0x00000000
PC: 0x00000028


instruction = 8c230000
lw rs = 1, rt = 3, C = 0
cycle 38
$00: 0x00000000
$01: 0x00000010
$02: 0x80000000
$03: 0x00000001
$04: 0x00000004
$05: 0x00000000
$06: 0x00000000
$07: 0x00000000
$08: 0x00000018
$09: 0x00000000
$10: 0x00000000
$11: 0x00000000
$12: 0x00000000
$13: 0x00000000
$14: 0x00000000
$15: 0x00000000
$16: 0x00000000
$17: 0x00000000
$18: 0x00000000
$19: 0x00000000
$20: 0x00000000
$21: 0x00000000
$22: 0x00000000
$23: 0x00000000
$24: 0x00000000
$25: 0x00000000
$26: 0x00000000
$27: 0x00000000
$28: 0x00000000
$29: 0x00000000
$30: 0x00000000
$31: 0x00000000
PC: 0x0000002C


instruction = 240820
add rs = 1, rt = 4, rd = 1, shamt = 0, funct = 20
cycle 39
$00: 0x00000000
$01: 0x00000014
$02: 0x80000000
$03: 0x00000001
$04: 0x00000004
$05: 0x00000000
$06: 0x00000000
$07: 0x00000000
$08: 0x00000018
$09: 0x00000000
$10: 0x00000000
$11: 0x00000000
$12: 0x00000000
$13: 0x00000000
$14: 0x00000000
$15: 0x00000000
$16: 0x00000000
$17: 0x00000000
$18: 0x00000000
$19: 0x00000000
$20: 0x00000000
$21: 0x00000000
$22: 0x00000000
$23: 0x00000000
$24: 0x00000000
$25: 0x00000000
$26: 0x00000000
$27: 0x00000000
$28: 0x00000000
$29: 0x00000000
$30: 0x00000000
$31: 0x00000000
PC: 0x00000030


instruction = 8000009
j address = 9
cycle 40
$00: 0x00000000
$01: 0x00000014
$02: 0x80000000
$03: 0x00000001
$04: 0x00000004
$05: 0x00000000
$06: 0x00000000
$07: 0x00000000
$08: 0x00000018
$09: 0x00000000
$10: 0x00000000
$11: 0x00000000
$12: 0x00000000
$13: 0x00000000
$14: 0x00000000
$15: 0x00000000
$16: 0x00000000
$17: 0x00000000
$18: 0x00000000
$19: 0x00000000
$20: 0x00000000
$21: 0x00000000
$22: 0x00000000
$23: 0x00000000
$24: 0x00000000
$25: 0x00000000
$26: 0x00000000
$27: 0x00000000
$28: 0x00000000
$29: 0x00000000
$30: 0x00000000
$31: 0x00000000
PC: 0x00000024


instruction = 11010004
beq rs = 8, rt = 1, C = 4
cycle 41
$00: 0x00000000
$01: 0x00000014
$02: 0x80000000
$03: 0x00000001
$04: 0x00000004
$05: 0x00000000
$06: 0x00000000
$07: 0x00000000
$08: 0x00000018
$09: 0x00000000
$10: 0x00000000
$11: 0x00000000
$12: 0x00000000
$13: 0x00000000
$14: 0x00000000
$15: 0x00000000
$16: 0x00000000
$17: 0x00000000
$18: 0x00000000
$19: 0x00000000
$20: 0x00000000
$21: 0x00000000
$22: 0x00000000
$23: 0x00000000
$24: 0x00000000
$25: 0x00000000
$26: 0x00000000
$27: 0x00000000
$28: 0x00000000
$29: 0x00000000
$30: 0x00000000
$31: 0x00000000
PC: 0x00000028


instruction = 8c230000
lw rs = 1, rt = 3, C = 0
cycle 42
$00: 0x00000000
$01: 0x00000014
$02: 0x80000000
$03: 0x80000000
$04: 0x00000004
$05: 0x00000000
$06: 0x00000000
$07: 0x00000000
$08: 0x00000018
$09: 0x00000000
$10: 0x00000000
$11: 0x00000000
$12: 0x00000000
$13: 0x00000000
$14: 0x00000000
$15: 0x00000000
$16: 0x00000000
$17: 0x00000000
$18: 0x00000000
$19: 0x00000000
$20: 0x00000000
$21: 0x00000000
$22: 0x00000000
$23: 0x00000000
$24: 0x00000000
$25: 0x00000000
$26: 0x00000000
$27: 0x00000000
$28: 0x00000000
$29: 0x00000000
$30: 0x00000000
$31: 0x00000000
PC: 0x0000002C


instruction = 240820
add rs = 1, rt = 4, rd = 1, shamt = 0, funct = 20
cycle 43
$00: 0x00000000
$01: 0x00000018
$02: 0x80000000
$03: 0x80000000
$04: 0x00000004
$05: 0x00000000
$06: 0x00000000
$07: 0x00000000
$08: 0x00000018
$09: 0x00000000
$10: 0x00000000
$11: 0x00000000
$12: 0x00000000
$13: 0x00000000
$14: 0x00000000
$15: 0x00000000
$16: 0x00000000
$17: 0x00000000
$18: 0x00000000
$19: 0x00000000
$20: 0x00000000
$21: 0x00000000
$22: 0x00000000
$23: 0x00000000
$24: 0x00000000
$25: 0x00000000
$26: 0x00000000
$27: 0x00000000
$28: 0x00000000
$29: 0x00000000
$30: 0x00000000
$31: 0x00000000
PC: 0x00000030


instruction = 8000009
j address = 9
cycle 44
$00: 0x00000000
$01: 0x00000018
$02: 0x80000000
$03: 0x80000000
$04: 0x00000004
$05: 0x00000000
$06: 0x00000000
$07: 0x00000000
$08: 0x00000018
$09: 0x00000000
$10: 0x00000000
$11: 0x00000000
$12: 0x00000000
$13: 0x00000000
$14: 0x00000000
$15: 0x00000000
$16: 0x00000000
$17: 0x00000000
$18: 0x00000000
$19: 0x00000000
$20: 0x00000000
$21: 0x00000000
$22: 0x00000000
$23: 0x00000000
$24: 0x00000000
$25: 0x00000000
$26: 0x00000000
$27: 0x00000000
$28: 0x00000000
$29: 0x00000000
$30: 0x00000000
$31: 0x00000000
PC: 0x00000024


instruction = 11010004
beq rs = 8, rt = 1, C = 4
cycle 45
$00: 0x00000000
$01: 0x00000018
$02: 0x80000000
$03: 0x80000000
$04: 0x00000004
$05: 0x00000000
$06: 0x00000000
$07: 0x00000000
$08: 0x00000018
$09: 0x00000000
$10: 0x00000000
$11: 0x00000000
$12: 0x00000000
$13: 0x00000000
$14: 0x00000000
$15: 0x00000000
$16: 0x00000000
$17: 0x00000000
$18: 0x00000000
$19: 0x00000000
$20: 0x00000000
$21: 0x00000000
$22: 0x00000000
$23: 0x00000000
$24: 0x00000000
$25: 0x00000000
$26: 0x00000000
$27: 0x00000000
$28: 0x00000000
$29: 0x00000000
$30: 0x00000000
$31: 0x00000000
PC: 0x00000038


instruction = ffffffff
halt
